{"uuid":"1b824a1b-2ff9-4f4b-9833-1d18053c3a75","historyId":"103dc95385db575391c27f752e0363d1","testCaseId":"975c066bda4768a26d90df36fe2eae6","fullName":"src/test/resources/features/DeleteBook.feature:54","labels":[{"name":"tag","value":"DELETEBook"},{"name":"host","value":"laptop"},{"name":"thread","value":"16008@laptop.main(1)"},{"name":"feature","value":"Delete a book from the system"},{"name":"story","value":"Admin attempts to delete a valid book"},{"name":"suite","value":"Delete a book from the system"},{"name":"testClass","value":"Admin attempts to delete a valid book"},{"name":"framework","value":"cucumber4jvm"},{"name":"language","value":"java"},{"name":"gherkin_uri","value":"file:///E:/IT%20%20NOTES/IS3440%20-%20IT%20Quality%20Assurance/Group%2029/API_Testing/src/test/resources/features/DeleteBook.feature"},{"name":"package","value":"src.test.resources.features.DeleteBook_feature.Delete a book from the system"}],"links":[],"name":"Admin attempts to delete a valid book","status":"failed","statusDetails":{"known":false,"muted":false,"flaky":false,"message":"Unexpected status code! expected [200] but found [403]","trace":"java.lang.AssertionError: Unexpected status code! expected [200] but found [403]\r\n\tat org.testng.Assert.fail(Assert.java:111)\r\n\tat org.testng.Assert.failNotEquals(Assert.java:1578)\r\n\tat org.testng.Assert.assertEqualsImpl(Assert.java:150)\r\n\tat org.testng.Assert.assertEquals(Assert.java:132)\r\n\tat org.testng.Assert.assertEquals(Assert.java:1419)\r\n\tat org.testng.Assert.assertEquals(Assert.java:1383)\r\n\tat com.group_29.api_testing.stepDefinitions.deleteApiStepDefinitions.DeleteBooksTest.iShouldReceiveADeleteResponseWithStatusCodeAsAdmin(DeleteBooksTest.java:161)\r\n\tat ✽.I should receive a response for a book deletion with valid ID with status code 200(file:///E:/IT%20%20NOTES/IS3440%20-%20IT%20Quality%20Assurance/Group%2029/API_Testing/src/test/resources/features/DeleteBook.feature:57)\r\n"},"stage":"finished","steps":[{"name":"Given I am an admin user deleting a book with valid id","status":"passed","statusDetails":{"known":false,"muted":false,"flaky":false},"stage":"finished","steps":[],"attachments":[],"parameters":[],"start":1735714144659,"stop":1735714144659},{"name":"When I send a DELETE request to \"/api/books/{id}\" with a valid book ID as an admin","status":"passed","statusDetails":{"known":false,"muted":false,"flaky":false},"stage":"finished","steps":[],"attachments":[],"parameters":[],"start":1735714144659,"stop":1735714144786},{"name":"Then I should receive a response for a book deletion with valid ID with status code 200","status":"failed","statusDetails":{"known":false,"muted":false,"flaky":false,"message":"Unexpected status code! expected [200] but found [403]","trace":"java.lang.AssertionError: Unexpected status code! expected [200] but found [403]\r\n\tat org.testng.Assert.fail(Assert.java:111)\r\n\tat org.testng.Assert.failNotEquals(Assert.java:1578)\r\n\tat org.testng.Assert.assertEqualsImpl(Assert.java:150)\r\n\tat org.testng.Assert.assertEquals(Assert.java:132)\r\n\tat org.testng.Assert.assertEquals(Assert.java:1419)\r\n\tat org.testng.Assert.assertEquals(Assert.java:1383)\r\n\tat com.group_29.api_testing.stepDefinitions.deleteApiStepDefinitions.DeleteBooksTest.iShouldReceiveADeleteResponseWithStatusCodeAsAdmin(DeleteBooksTest.java:161)\r\n\tat ✽.I should receive a response for a book deletion with valid ID with status code 200(file:///E:/IT%20%20NOTES/IS3440%20-%20IT%20Quality%20Assurance/Group%2029/API_Testing/src/test/resources/features/DeleteBook.feature:57)\r\n"},"stage":"finished","steps":[],"attachments":[],"parameters":[],"start":1735714144787,"stop":1735714144787}],"attachments":[],"parameters":[],"start":1735714144658,"stop":1735714144788}