{"uuid":"1d9c6d9f-658d-4e3e-b5a0-9ec2b5e05564","historyId":"99ab20eabfe4e1cf525c9785936ca0d9","testCaseId":"84966c0f4760916a8a87aff32b314d1f","fullName":"src/test/resources/features/DeleteBook.feature:24","labels":[{"name":"tag","value":"DELETEBook"},{"name":"host","value":"laptop"},{"name":"thread","value":"2268@laptop.main(1)"},{"name":"feature","value":"Delete a book from the system"},{"name":"story","value":"Admin attempts to delete a non-existing book"},{"name":"suite","value":"Delete a book from the system"},{"name":"testClass","value":"Admin attempts to delete a non-existing book"},{"name":"framework","value":"cucumber4jvm"},{"name":"language","value":"java"},{"name":"gherkin_uri","value":"file:///E:/IT%20%20NOTES/IS3440%20-%20IT%20Quality%20Assurance/Group%2029/API_Testing/src/test/resources/features/DeleteBook.feature"},{"name":"package","value":"src.test.resources.features.DeleteBook_feature.Delete a book from the system"}],"links":[],"name":"Admin attempts to delete a non-existing book","status":"failed","statusDetails":{"known":false,"muted":false,"flaky":false,"message":"Unexpected status code! This is a BUG. expected [404] but found [403]","trace":"java.lang.AssertionError: Unexpected status code! This is a BUG. expected [404] but found [403]\r\n\tat org.testng.Assert.fail(Assert.java:111)\r\n\tat org.testng.Assert.failNotEquals(Assert.java:1578)\r\n\tat org.testng.Assert.assertEqualsImpl(Assert.java:150)\r\n\tat org.testng.Assert.assertEquals(Assert.java:132)\r\n\tat org.testng.Assert.assertEquals(Assert.java:1419)\r\n\tat org.testng.Assert.assertEquals(Assert.java:1383)\r\n\tat com.group_29.api_testing.stepDefinitions.deleteApiStepDefinitions.DeleteBooksTest.iShouldReceiveAResponseWithStatusCode(DeleteBooksTest.java:74)\r\n\tat ✽.I should receive a delete response with status code 404(file:///E:/IT%20%20NOTES/IS3440%20-%20IT%20Quality%20Assurance/Group%2029/API_Testing/src/test/resources/features/DeleteBook.feature:27)\r\n"},"stage":"finished","steps":[{"name":"Given I am an admin user in delete","status":"passed","statusDetails":{"known":false,"muted":false,"flaky":false},"stage":"finished","steps":[],"attachments":[],"parameters":[],"start":1735708016069,"stop":1735708016069},{"name":"When I send a DELETE request to \"/api/books/{id}\" with a non-existing book ID as an admin","status":"passed","statusDetails":{"known":false,"muted":false,"flaky":false},"stage":"finished","steps":[],"attachments":[],"parameters":[],"start":1735708016069,"stop":1735708016204},{"name":"Then I should receive a delete response with status code 404","status":"failed","statusDetails":{"known":false,"muted":false,"flaky":false,"message":"Unexpected status code! This is a BUG. expected [404] but found [403]","trace":"java.lang.AssertionError: Unexpected status code! This is a BUG. expected [404] but found [403]\r\n\tat org.testng.Assert.fail(Assert.java:111)\r\n\tat org.testng.Assert.failNotEquals(Assert.java:1578)\r\n\tat org.testng.Assert.assertEqualsImpl(Assert.java:150)\r\n\tat org.testng.Assert.assertEquals(Assert.java:132)\r\n\tat org.testng.Assert.assertEquals(Assert.java:1419)\r\n\tat org.testng.Assert.assertEquals(Assert.java:1383)\r\n\tat com.group_29.api_testing.stepDefinitions.deleteApiStepDefinitions.DeleteBooksTest.iShouldReceiveAResponseWithStatusCode(DeleteBooksTest.java:74)\r\n\tat ✽.I should receive a delete response with status code 404(file:///E:/IT%20%20NOTES/IS3440%20-%20IT%20Quality%20Assurance/Group%2029/API_Testing/src/test/resources/features/DeleteBook.feature:27)\r\n"},"stage":"finished","steps":[],"attachments":[],"parameters":[],"start":1735708016204,"stop":1735708016205}],"attachments":[],"parameters":[],"start":1735708016069,"stop":1735708016205}