{"uuid":"2b237734-e682-466d-a91c-77220d326079","historyId":"f86cf77cf6647c3d0d3125f0ccb4eaef","testCaseId":"975c066bda4768a26d90df36fe2eae6","fullName":"src/test/resources/features/DeleteBook.feature:17","labels":[{"name":"tag","value":"DELETEBook"},{"name":"host","value":"laptop"},{"name":"thread","value":"19620@laptop.main(1)"},{"name":"feature","value":"Delete a book from the system"},{"name":"story","value":"Admin attempts to delete a valid book"},{"name":"suite","value":"Delete a book from the system"},{"name":"testClass","value":"Admin attempts to delete a valid book"},{"name":"framework","value":"cucumber4jvm"},{"name":"language","value":"java"},{"name":"gherkin_uri","value":"file:///E:/IT%20%20NOTES/IS3440%20-%20IT%20Quality%20Assurance/Group%2029/API_Testing/src/test/resources/features/DeleteBook.feature"},{"name":"package","value":"src.test.resources.features.DeleteBook_feature.Delete a book from the system"}],"links":[],"name":"Admin attempts to delete a valid book","status":"failed","statusDetails":{"known":false,"muted":false,"flaky":false,"message":"Unexpected status code! This is a BUG. expected [200] but found [403]","trace":"java.lang.AssertionError: Unexpected status code! This is a BUG. expected [200] but found [403]\r\n\tat org.testng.Assert.fail(Assert.java:111)\r\n\tat org.testng.Assert.failNotEquals(Assert.java:1578)\r\n\tat org.testng.Assert.assertEqualsImpl(Assert.java:150)\r\n\tat org.testng.Assert.assertEquals(Assert.java:132)\r\n\tat org.testng.Assert.assertEquals(Assert.java:1419)\r\n\tat org.testng.Assert.assertEquals(Assert.java:1383)\r\n\tat com.group_29.api_testing.stepDefinitions.deleteApiStepDefinitions.DeleteBooksTest.iShouldReceiveAResponseWithStatusCode(DeleteBooksTest.java:74)\r\n\tat ✽.I should receive a delete response with status code 200(file:///E:/IT%20%20NOTES/IS3440%20-%20IT%20Quality%20Assurance/Group%2029/API_Testing/src/test/resources/features/DeleteBook.feature:20)\r\n"},"stage":"finished","steps":[{"name":"Given I am an admin user in delete","status":"passed","statusDetails":{"known":false,"muted":false,"flaky":false},"stage":"finished","steps":[],"attachments":[],"parameters":[],"start":1735714344407,"stop":1735714344408},{"name":"When I send a DELETE request to \"/api/books/{id}\" with a valid book ID as an admin","status":"passed","statusDetails":{"known":false,"muted":false,"flaky":false},"stage":"finished","steps":[],"attachments":[],"parameters":[],"start":1735714344408,"stop":1735714344541},{"name":"Then I should receive a delete response with status code 200","status":"failed","statusDetails":{"known":false,"muted":false,"flaky":false,"message":"Unexpected status code! This is a BUG. expected [200] but found [403]","trace":"java.lang.AssertionError: Unexpected status code! This is a BUG. expected [200] but found [403]\r\n\tat org.testng.Assert.fail(Assert.java:111)\r\n\tat org.testng.Assert.failNotEquals(Assert.java:1578)\r\n\tat org.testng.Assert.assertEqualsImpl(Assert.java:150)\r\n\tat org.testng.Assert.assertEquals(Assert.java:132)\r\n\tat org.testng.Assert.assertEquals(Assert.java:1419)\r\n\tat org.testng.Assert.assertEquals(Assert.java:1383)\r\n\tat com.group_29.api_testing.stepDefinitions.deleteApiStepDefinitions.DeleteBooksTest.iShouldReceiveAResponseWithStatusCode(DeleteBooksTest.java:74)\r\n\tat ✽.I should receive a delete response with status code 200(file:///E:/IT%20%20NOTES/IS3440%20-%20IT%20Quality%20Assurance/Group%2029/API_Testing/src/test/resources/features/DeleteBook.feature:20)\r\n"},"stage":"finished","steps":[],"attachments":[],"parameters":[],"start":1735714344541,"stop":1735714344542}],"attachments":[],"parameters":[],"start":1735714344407,"stop":1735714344543}