{"uuid":"450fcedb-351d-4085-abd0-69bfa65e65d2","historyId":"8bcd5b0bdf583d79a1518ebcf8d7312b","testCaseId":"1810f55ca535808a121b86ce3f480388","fullName":"src/test/resources/features/api_tests.feature:75","labels":[{"name":"host","value":"laptop"},{"name":"thread","value":"2268@laptop.main(1)"},{"name":"feature","value":"Update Book API"},{"name":"story","value":"Validate that numbers are not accepted in title and author fields"},{"name":"suite","value":"Update Book API"},{"name":"testClass","value":"Validate that numbers are not accepted in title and author fields"},{"name":"framework","value":"cucumber4jvm"},{"name":"language","value":"java"},{"name":"gherkin_uri","value":"file:///E:/IT%20%20NOTES/IS3440%20-%20IT%20Quality%20Assurance/Group%2029/API_Testing/src/test/resources/features/api_tests.feature"},{"name":"package","value":"src.test.resources.features.api_tests_feature.Update Book API"}],"links":[],"name":"Validate that numbers are not accepted in title and author fields","status":"failed","statusDetails":{"known":false,"muted":false,"flaky":false,"message":"BUG: Expected status code 400 but got 200","trace":"java.lang.AssertionError: BUG: Expected status code 400 but got 200\r\n\tat org.testng.Assert.fail(Assert.java:111)\r\n\tat com.group_29.api_testing.stepDefinitions.updateApiStepDefinitions.UpdateBookStepDefinitions.verifyStatusCode(UpdateBookStepDefinitions.java:60)\r\n\tat ✽.the response status code should be 400(file:///E:/IT%20%20NOTES/IS3440%20-%20IT%20Quality%20Assurance/Group%2029/API_Testing/src/test/resources/features/api_tests.feature:86)\r\n"},"stage":"finished","steps":[{"name":"Given the API base URL is \"http://localhost:7081\"","status":"passed","statusDetails":{"known":false,"muted":false,"flaky":false},"stage":"finished","steps":[],"attachments":[],"parameters":[],"start":1735708020092,"stop":1735708020092},{"name":"And a book exists with id 2","status":"passed","statusDetails":{"known":false,"muted":false,"flaky":false},"stage":"finished","steps":[],"attachments":[],"parameters":[],"start":1735708020093,"stop":1735708020093},{"name":"When I send a PUT request to \"/api/books/2\" with the following payload","status":"passed","statusDetails":{"known":false,"muted":false,"flaky":false},"stage":"finished","steps":[],"attachments":[],"parameters":[],"start":1735708020093,"stop":1735708020218},{"name":"Then the response status code should be 400","status":"failed","statusDetails":{"known":false,"muted":false,"flaky":false,"message":"BUG: Expected status code 400 but got 200","trace":"java.lang.AssertionError: BUG: Expected status code 400 but got 200\r\n\tat org.testng.Assert.fail(Assert.java:111)\r\n\tat com.group_29.api_testing.stepDefinitions.updateApiStepDefinitions.UpdateBookStepDefinitions.verifyStatusCode(UpdateBookStepDefinitions.java:60)\r\n\tat ✽.the response status code should be 400(file:///E:/IT%20%20NOTES/IS3440%20-%20IT%20Quality%20Assurance/Group%2029/API_Testing/src/test/resources/features/api_tests.feature:86)\r\n"},"stage":"finished","steps":[],"attachments":[],"parameters":[],"start":1735708020218,"stop":1735708020219}],"attachments":[],"parameters":[],"start":1735708020092,"stop":1735708020220}