{"uuid":"5816c238-50f4-43ad-af3e-96fc67a50a5d","historyId":"4479667a123b62f74f92f9b9275ff702","testCaseId":"b385dcf46a17d1a35bf8fde5f814244","fullName":"src/test/resources/features/api_tests.feature:96","labels":[{"name":"host","value":"laptop"},{"name":"thread","value":"2268@laptop.main(1)"},{"name":"feature","value":"Update Book API"},{"name":"story","value":"validate with empty string for author and title field"},{"name":"suite","value":"Update Book API"},{"name":"testClass","value":"validate with empty string for author and title field"},{"name":"framework","value":"cucumber4jvm"},{"name":"language","value":"java"},{"name":"gherkin_uri","value":"file:///E:/IT%20%20NOTES/IS3440%20-%20IT%20Quality%20Assurance/Group%2029/API_Testing/src/test/resources/features/api_tests.feature"},{"name":"package","value":"src.test.resources.features.api_tests_feature.Update Book API"}],"links":[],"name":"validate with empty string for author and title field","status":"failed","statusDetails":{"known":false,"muted":false,"flaky":false,"message":"BUG: Expected status code 400 but got 200","trace":"java.lang.AssertionError: BUG: Expected status code 400 but got 200\r\n\tat org.testng.Assert.fail(Assert.java:111)\r\n\tat com.group_29.api_testing.stepDefinitions.updateApiStepDefinitions.UpdateBookStepDefinitions.verifyStatusCode(UpdateBookStepDefinitions.java:60)\r\n\tat ✽.the response status code should be 400(file:///E:/IT%20%20NOTES/IS3440%20-%20IT%20Quality%20Assurance/Group%2029/API_Testing/src/test/resources/features/api_tests.feature:107)\r\n"},"stage":"finished","steps":[{"name":"Given the API base URL is \"http://localhost:7081\"","status":"passed","statusDetails":{"known":false,"muted":false,"flaky":false},"stage":"finished","steps":[],"attachments":[],"parameters":[],"start":1735708020223,"stop":1735708020223},{"name":"And a book exists with id 2","status":"passed","statusDetails":{"known":false,"muted":false,"flaky":false},"stage":"finished","steps":[],"attachments":[],"parameters":[],"start":1735708020223,"stop":1735708020224},{"name":"When I send a PUT request to \"/api/books/2\" with the following payload","status":"passed","statusDetails":{"known":false,"muted":false,"flaky":false},"stage":"finished","steps":[],"attachments":[],"parameters":[],"start":1735708020224,"stop":1735708020338},{"name":"Then the response status code should be 400","status":"failed","statusDetails":{"known":false,"muted":false,"flaky":false,"message":"BUG: Expected status code 400 but got 200","trace":"java.lang.AssertionError: BUG: Expected status code 400 but got 200\r\n\tat org.testng.Assert.fail(Assert.java:111)\r\n\tat com.group_29.api_testing.stepDefinitions.updateApiStepDefinitions.UpdateBookStepDefinitions.verifyStatusCode(UpdateBookStepDefinitions.java:60)\r\n\tat ✽.the response status code should be 400(file:///E:/IT%20%20NOTES/IS3440%20-%20IT%20Quality%20Assurance/Group%2029/API_Testing/src/test/resources/features/api_tests.feature:107)\r\n"},"stage":"finished","steps":[],"attachments":[],"parameters":[],"start":1735708020339,"stop":1735708020339}],"attachments":[],"parameters":[],"start":1735708020223,"stop":1735708020340}