{"uuid":"7a388d86-e336-47e3-b4e4-9875233d71c2","historyId":"f94e8b19f4df426c175243a2c0c0b6e5","testCaseId":"2ce3e44a07ddb79190223ae04b352f27","fullName":"src/test/resources/features/PostBook.feature:29","labels":[{"name":"host","value":"laptop"},{"name":"thread","value":"2268@laptop.main(1)"},{"name":"feature","value":"Add new book to the system"},{"name":"story","value":"Admin sends a POST request with missing values in the payload"},{"name":"suite","value":"Add new book to the system"},{"name":"testClass","value":"Admin sends a POST request with missing values in the payload"},{"name":"framework","value":"cucumber4jvm"},{"name":"language","value":"java"},{"name":"gherkin_uri","value":"file:///E:/IT%20%20NOTES/IS3440%20-%20IT%20Quality%20Assurance/Group%2029/API_Testing/src/test/resources/features/PostBook.feature"},{"name":"package","value":"src.test.resources.features.PostBook_feature.Add new book to the system"}],"links":[],"name":"Admin sends a POST request with missing values in the payload","status":"failed","statusDetails":{"known":false,"muted":false,"flaky":false,"message":"The error message does not match. expected [Fields 'title' and 'author' cannot be null or empty] but found [Mandatory parameters should not be null]","trace":"java.lang.AssertionError: The error message does not match. expected [Fields 'title' and 'author' cannot be null or empty] but found [Mandatory parameters should not be null]\r\n\tat org.testng.Assert.fail(Assert.java:111)\r\n\tat org.testng.Assert.failNotEquals(Assert.java:1578)\r\n\tat org.testng.Assert.assertEqualsImpl(Assert.java:150)\r\n\tat org.testng.Assert.assertEquals(Assert.java:132)\r\n\tat org.testng.Assert.assertEquals(Assert.java:656)\r\n\tat com.group_29.api_testing.stepDefinitions.postApiStepDefinitions.PostBooksTest.theResponseShouldContainTheMessage(PostBooksTest.java:114)\r\n\tat ✽.the response should contain the message \"Fields 'title' and 'author' cannot be null or empty\"(file:///E:/IT%20%20NOTES/IS3440%20-%20IT%20Quality%20Assurance/Group%2029/API_Testing/src/test/resources/features/PostBook.feature:33)\r\n"},"stage":"finished","steps":[{"name":"Given I am an admin user","status":"passed","statusDetails":{"known":false,"muted":false,"flaky":false},"stage":"finished","steps":[],"attachments":[],"parameters":[],"start":1735708019370,"stop":1735708019370},{"name":"When I send a POST request to \"/api/books\" with missing values","status":"passed","statusDetails":{"known":false,"muted":false,"flaky":false},"stage":"finished","steps":[],"attachments":[],"parameters":[],"start":1735708019370,"stop":1735708019523},{"name":"Then I should receive a response with status code 400","status":"passed","statusDetails":{"known":false,"muted":false,"flaky":false},"stage":"finished","steps":[],"attachments":[],"parameters":[],"start":1735708019523,"stop":1735708019523},{"name":"And the response should contain the message \"Fields 'title' and 'author' cannot be null or empty\"","status":"failed","statusDetails":{"known":false,"muted":false,"flaky":false,"message":"The error message does not match. expected [Fields 'title' and 'author' cannot be null or empty] but found [Mandatory parameters should not be null]","trace":"java.lang.AssertionError: The error message does not match. expected [Fields 'title' and 'author' cannot be null or empty] but found [Mandatory parameters should not be null]\r\n\tat org.testng.Assert.fail(Assert.java:111)\r\n\tat org.testng.Assert.failNotEquals(Assert.java:1578)\r\n\tat org.testng.Assert.assertEqualsImpl(Assert.java:150)\r\n\tat org.testng.Assert.assertEquals(Assert.java:132)\r\n\tat org.testng.Assert.assertEquals(Assert.java:656)\r\n\tat com.group_29.api_testing.stepDefinitions.postApiStepDefinitions.PostBooksTest.theResponseShouldContainTheMessage(PostBooksTest.java:114)\r\n\tat ✽.the response should contain the message \"Fields 'title' and 'author' cannot be null or empty\"(file:///E:/IT%20%20NOTES/IS3440%20-%20IT%20Quality%20Assurance/Group%2029/API_Testing/src/test/resources/features/PostBook.feature:33)\r\n"},"stage":"finished","steps":[],"attachments":[],"parameters":[],"start":1735708019523,"stop":1735708019524}],"attachments":[],"parameters":[],"start":1735708019370,"stop":1735708019524}