{"uuid":"ff48979d-944b-4074-9638-e3cb72fe6d66","historyId":"223e7db8b1d38a83b2616db4dfe7fbbc","testCaseId":"18636593967da8fd509ddc96f0d1df0","fullName":"src/test/resources/features/api_tests.feature:3","labels":[{"name":"host","value":"laptop"},{"name":"thread","value":"18164@laptop.main(1)"},{"name":"feature","value":"Update Book API"},{"name":"story","value":"Successfully update a book"},{"name":"suite","value":"Update Book API"},{"name":"testClass","value":"Successfully update a book"},{"name":"framework","value":"cucumber4jvm"},{"name":"language","value":"java"},{"name":"gherkin_uri","value":"file:///E:/IT%20%20NOTES/IS3440%20-%20IT%20Quality%20Assurance/Group%2029/API_Testing/src/test/resources/features/api_tests.feature"},{"name":"package","value":"src.test.resources.features.api_tests_feature.Update Book API"}],"links":[],"name":"Successfully update a book","status":"failed","statusDetails":{"known":false,"muted":false,"flaky":false,"message":"expected [208] but found [200]","trace":"java.lang.AssertionError: expected [208] but found [200]\r\n\tat org.testng.Assert.fail(Assert.java:111)\r\n\tat org.testng.Assert.failNotEquals(Assert.java:1578)\r\n\tat org.testng.Assert.assertEqualsImpl(Assert.java:150)\r\n\tat org.testng.Assert.assertEquals(Assert.java:132)\r\n\tat org.testng.Assert.assertEquals(Assert.java:1419)\r\n\tat org.testng.Assert.assertEquals(Assert.java:1383)\r\n\tat org.testng.Assert.assertEquals(Assert.java:1429)\r\n\tat com.group_29.api_testing.stepDefinitions.updateApiStepDefinitions.UpdateBookStepDefinitions.verifyStatusCode(UpdateBookStepDefinitions.java:44)\r\n\tat ✽.the response status code should be 200(file:///E:/IT%20%20NOTES/IS3440%20-%20IT%20Quality%20Assurance/Group%2029/API_Testing/src/test/resources/features/api_tests.feature:14)\r\n"},"stage":"finished","steps":[{"name":"Given the API base URL is \"http://localhost:7081\"","status":"passed","statusDetails":{"known":false,"muted":false,"flaky":false},"stage":"finished","steps":[],"attachments":[],"parameters":[],"start":1735625258150,"stop":1735625258150},{"name":"And a book exists with id 2","status":"passed","statusDetails":{"known":false,"muted":false,"flaky":false},"stage":"finished","steps":[],"attachments":[],"parameters":[],"start":1735625258150,"stop":1735625258151},{"name":"When I send a PUT request to \"/api/books/2\" with the following payload","status":"passed","statusDetails":{"known":false,"muted":false,"flaky":false},"stage":"finished","steps":[],"attachments":[],"parameters":[],"start":1735625258151,"stop":1735625258297},{"name":"Then the response status code should be 200","status":"failed","statusDetails":{"known":false,"muted":false,"flaky":false,"message":"expected [208] but found [200]","trace":"java.lang.AssertionError: expected [208] but found [200]\r\n\tat org.testng.Assert.fail(Assert.java:111)\r\n\tat org.testng.Assert.failNotEquals(Assert.java:1578)\r\n\tat org.testng.Assert.assertEqualsImpl(Assert.java:150)\r\n\tat org.testng.Assert.assertEquals(Assert.java:132)\r\n\tat org.testng.Assert.assertEquals(Assert.java:1419)\r\n\tat org.testng.Assert.assertEquals(Assert.java:1383)\r\n\tat org.testng.Assert.assertEquals(Assert.java:1429)\r\n\tat com.group_29.api_testing.stepDefinitions.updateApiStepDefinitions.UpdateBookStepDefinitions.verifyStatusCode(UpdateBookStepDefinitions.java:44)\r\n\tat ✽.the response status code should be 200(file:///E:/IT%20%20NOTES/IS3440%20-%20IT%20Quality%20Assurance/Group%2029/API_Testing/src/test/resources/features/api_tests.feature:14)\r\n"},"stage":"finished","steps":[],"attachments":[],"parameters":[],"start":1735625258298,"stop":1735625258299},{"name":"And the response body should contain:","status":"skipped","statusDetails":{"known":false,"muted":false,"flaky":false},"stage":"finished","steps":[],"attachments":[],"parameters":[],"start":1735625258299,"stop":1735625258300}],"attachments":[],"parameters":[],"start":1735625258148,"stop":1735625258300}