{"uid":"5cec1feec4282760","name":"Admin attempts to delete a non-existing book","fullName":"src/test/resources/features/DeleteBook.feature:22","historyId":"c9708de13d27110d9a40220064b6a544","time":{"start":1735926590486,"stop":1735926590580,"duration":94},"status":"failed","statusMessage":"Unexpected status code! This is a BUG expected [404] but found [403]","statusTrace":"java.lang.AssertionError: Unexpected status code! This is a BUG expected [404] but found [403]\n\tat org.testng.Assert.fail(Assert.java:111)\n\tat org.testng.Assert.failNotEquals(Assert.java:1578)\n\tat org.testng.Assert.assertEqualsImpl(Assert.java:150)\n\tat org.testng.Assert.assertEquals(Assert.java:132)\n\tat org.testng.Assert.assertEquals(Assert.java:1419)\n\tat org.testng.Assert.assertEquals(Assert.java:1383)\n\tat com.group_29.api_testing.stepDefinitions.deleteApiStepDefinitions.DeleteBooksTest.iShouldReceiveADeleteResponseWithStatusCodeUserValid(DeleteBooksTest.java:59)\n\tat ✽.I should receive a response for deleting a book with status code 404(file:///home/runner/work/Group-29/Group-29/API_Testing/src/test/resources/features/DeleteBook.feature:25)\n","flaky":false,"newFailed":false,"newBroken":false,"newPassed":false,"retriesCount":0,"retriesStatusChange":false,"beforeStages":[],"testStage":{"status":"failed","statusMessage":"Unexpected status code! This is a BUG expected [404] but found [403]","statusTrace":"java.lang.AssertionError: Unexpected status code! This is a BUG expected [404] but found [403]\n\tat org.testng.Assert.fail(Assert.java:111)\n\tat org.testng.Assert.failNotEquals(Assert.java:1578)\n\tat org.testng.Assert.assertEqualsImpl(Assert.java:150)\n\tat org.testng.Assert.assertEquals(Assert.java:132)\n\tat org.testng.Assert.assertEquals(Assert.java:1419)\n\tat org.testng.Assert.assertEquals(Assert.java:1383)\n\tat com.group_29.api_testing.stepDefinitions.deleteApiStepDefinitions.DeleteBooksTest.iShouldReceiveADeleteResponseWithStatusCodeUserValid(DeleteBooksTest.java:59)\n\tat ✽.I should receive a response for deleting a book with status code 404(file:///home/runner/work/Group-29/Group-29/API_Testing/src/test/resources/features/DeleteBook.feature:25)\n","steps":[{"name":"Given Delete book API is running","time":{"start":1735926590486,"stop":1735926590487,"duration":1},"status":"passed","steps":[],"attachments":[],"parameters":[],"shouldDisplayMessage":false,"stepsCount":0,"attachmentsCount":0,"hasContent":false,"attachmentStep":false},{"name":"When I send a DELETE request to \"/api/books/{id}\" with valid admin credentials and non-existing book id","time":{"start":1735926590487,"stop":1735926590578,"duration":91},"status":"passed","steps":[],"attachments":[],"parameters":[],"shouldDisplayMessage":false,"stepsCount":0,"attachmentsCount":0,"hasContent":false,"attachmentStep":false},{"name":"Then I should receive a response for deleting a book with status code 404","time":{"start":1735926590579,"stop":1735926590580,"duration":1},"status":"failed","statusMessage":"Unexpected status code! This is a BUG expected [404] but found [403]","statusTrace":"java.lang.AssertionError: Unexpected status code! This is a BUG expected [404] but found [403]\n\tat org.testng.Assert.fail(Assert.java:111)\n\tat org.testng.Assert.failNotEquals(Assert.java:1578)\n\tat org.testng.Assert.assertEqualsImpl(Assert.java:150)\n\tat org.testng.Assert.assertEquals(Assert.java:132)\n\tat org.testng.Assert.assertEquals(Assert.java:1419)\n\tat org.testng.Assert.assertEquals(Assert.java:1383)\n\tat com.group_29.api_testing.stepDefinitions.deleteApiStepDefinitions.DeleteBooksTest.iShouldReceiveADeleteResponseWithStatusCodeUserValid(DeleteBooksTest.java:59)\n\tat ✽.I should receive a response for deleting a book with status code 404(file:///home/runner/work/Group-29/Group-29/API_Testing/src/test/resources/features/DeleteBook.feature:25)\n","steps":[],"attachments":[],"parameters":[],"shouldDisplayMessage":true,"stepsCount":0,"attachmentsCount":0,"hasContent":true,"attachmentStep":false}],"attachments":[],"parameters":[],"shouldDisplayMessage":false,"stepsCount":3,"attachmentsCount":0,"hasContent":true,"attachmentStep":false},"afterStages":[],"labels":[{"name":"tag","value":"DELETEBook"},{"name":"host","value":"fv-az787-396"},{"name":"thread","value":"3722@fv-az787-396.main(1)"},{"name":"feature","value":"Delete a book from the system"},{"name":"story","value":"Admin attempts to delete a non-existing book"},{"name":"suite","value":"Delete a book from the system"},{"name":"testClass","value":"Admin attempts to delete a non-existing book"},{"name":"framework","value":"cucumber4jvm"},{"name":"language","value":"java"},{"name":"gherkin_uri","value":"file:///home/runner/work/Group-29/Group-29/API_Testing/src/test/resources/features/DeleteBook.feature"},{"name":"package","value":"src.test.resources.features.DeleteBook_feature.Delete a book from the system"},{"name":"resultFormat","value":"allure2"}],"parameters":[],"links":[],"hidden":false,"retry":false,"extra":{"severity":"normal","retries":[],"categories":[{"name":"Product defects","matchedStatuses":[],"flaky":false}],"tags":["DELETEBook"]},"source":"5cec1feec4282760.json","parameterValues":[]}