{"uid":"648d6a064317ba4f","name":"User attempts to delete a book with a valid ID","fullName":"src/test/resources/features/DeleteBook.feature:4","historyId":"b40194f764b47c372945af488930df1c","time":{"start":1735926588458,"stop":1735926590210,"duration":1752},"status":"failed","statusMessage":"Unexpected status code! This is a BUG expected [403] but found [404]","statusTrace":"java.lang.AssertionError: Unexpected status code! This is a BUG expected [403] but found [404]\n\tat org.testng.Assert.fail(Assert.java:111)\n\tat org.testng.Assert.failNotEquals(Assert.java:1578)\n\tat org.testng.Assert.assertEqualsImpl(Assert.java:150)\n\tat org.testng.Assert.assertEquals(Assert.java:132)\n\tat org.testng.Assert.assertEquals(Assert.java:1419)\n\tat org.testng.Assert.assertEquals(Assert.java:1383)\n\tat com.group_29.api_testing.stepDefinitions.deleteApiStepDefinitions.DeleteBooksTest.iShouldReceiveADeleteResponseWithStatusCodeUserValid(DeleteBooksTest.java:59)\n\tat ✽.I should receive a response for deleting a book with status code 403(file:///home/runner/work/Group-29/Group-29/API_Testing/src/test/resources/features/DeleteBook.feature:7)\n","flaky":false,"newFailed":false,"newBroken":false,"newPassed":false,"retriesCount":0,"retriesStatusChange":false,"beforeStages":[],"testStage":{"status":"failed","statusMessage":"Unexpected status code! This is a BUG expected [403] but found [404]","statusTrace":"java.lang.AssertionError: Unexpected status code! This is a BUG expected [403] but found [404]\n\tat org.testng.Assert.fail(Assert.java:111)\n\tat org.testng.Assert.failNotEquals(Assert.java:1578)\n\tat org.testng.Assert.assertEqualsImpl(Assert.java:150)\n\tat org.testng.Assert.assertEquals(Assert.java:132)\n\tat org.testng.Assert.assertEquals(Assert.java:1419)\n\tat org.testng.Assert.assertEquals(Assert.java:1383)\n\tat com.group_29.api_testing.stepDefinitions.deleteApiStepDefinitions.DeleteBooksTest.iShouldReceiveADeleteResponseWithStatusCodeUserValid(DeleteBooksTest.java:59)\n\tat ✽.I should receive a response for deleting a book with status code 403(file:///home/runner/work/Group-29/Group-29/API_Testing/src/test/resources/features/DeleteBook.feature:7)\n","steps":[{"name":"Given Delete book API is running","time":{"start":1735926588460,"stop":1735926588738,"duration":278},"status":"passed","steps":[],"attachments":[],"parameters":[],"shouldDisplayMessage":false,"stepsCount":0,"attachmentsCount":0,"hasContent":false,"attachmentStep":false},{"name":"When I send a DELETE request to \"/api/books/{id}\" with valid user credentials and valid book id","time":{"start":1735926588740,"stop":1735926590195,"duration":1455},"status":"passed","steps":[],"attachments":[],"parameters":[],"shouldDisplayMessage":false,"stepsCount":0,"attachmentsCount":0,"hasContent":false,"attachmentStep":false},{"name":"Then I should receive a response for deleting a book with status code 403","time":{"start":1735926590196,"stop":1735926590208,"duration":12},"status":"failed","statusMessage":"Unexpected status code! This is a BUG expected [403] but found [404]","statusTrace":"java.lang.AssertionError: Unexpected status code! This is a BUG expected [403] but found [404]\n\tat org.testng.Assert.fail(Assert.java:111)\n\tat org.testng.Assert.failNotEquals(Assert.java:1578)\n\tat org.testng.Assert.assertEqualsImpl(Assert.java:150)\n\tat org.testng.Assert.assertEquals(Assert.java:132)\n\tat org.testng.Assert.assertEquals(Assert.java:1419)\n\tat org.testng.Assert.assertEquals(Assert.java:1383)\n\tat com.group_29.api_testing.stepDefinitions.deleteApiStepDefinitions.DeleteBooksTest.iShouldReceiveADeleteResponseWithStatusCodeUserValid(DeleteBooksTest.java:59)\n\tat ✽.I should receive a response for deleting a book with status code 403(file:///home/runner/work/Group-29/Group-29/API_Testing/src/test/resources/features/DeleteBook.feature:7)\n","steps":[],"attachments":[],"parameters":[],"shouldDisplayMessage":true,"stepsCount":0,"attachmentsCount":0,"hasContent":true,"attachmentStep":false}],"attachments":[],"parameters":[],"shouldDisplayMessage":false,"stepsCount":3,"attachmentsCount":0,"hasContent":true,"attachmentStep":false},"afterStages":[],"labels":[{"name":"tag","value":"DELETEBook"},{"name":"host","value":"fv-az787-396"},{"name":"thread","value":"3722@fv-az787-396.main(1)"},{"name":"feature","value":"Delete a book from the system"},{"name":"story","value":"User attempts to delete a book with a valid ID"},{"name":"suite","value":"Delete a book from the system"},{"name":"testClass","value":"User attempts to delete a book with a valid ID"},{"name":"framework","value":"cucumber4jvm"},{"name":"language","value":"java"},{"name":"gherkin_uri","value":"file:///home/runner/work/Group-29/Group-29/API_Testing/src/test/resources/features/DeleteBook.feature"},{"name":"package","value":"src.test.resources.features.DeleteBook_feature.Delete a book from the system"},{"name":"resultFormat","value":"allure2"}],"parameters":[],"links":[],"hidden":false,"retry":false,"extra":{"severity":"normal","retries":[],"categories":[{"name":"Product defects","matchedStatuses":[],"flaky":false}],"tags":["DELETEBook"]},"source":"648d6a064317ba4f.json","parameterValues":[]}